<?xml version="1.0" encoding="UTF-8"?>
<testng-results skipped="0" failed="1" ignored="0" total="3" passed="2">
  <reporter-output>
  </reporter-output>
  <suite name="Automation_201_TestSuite-Cucumber framework" duration-ms="233085" started-at="2019-03-21T20:53:01Z" finished-at="2019-03-21T20:56:54Z">
    <groups>
      <group name="cucumber">
        <method signature="AbstractTestNGCucumberTests.feature(cucumber.api.testng.CucumberFeatureWrapper)[pri:0, instance:stepdefinitions.Runner@1da51a35]" name="feature" class="cucumber.api.testng.AbstractTestNGCucumberTests"/>
      </group> <!-- cucumber -->
    </groups>
    <test name="Cucumber Tests" duration-ms="233085" started-at="2019-03-21T20:53:01Z" finished-at="2019-03-21T20:56:54Z">
      <class name="stepdefinitions.Runner">
        <test-method status="PASS" signature="setUpClass()[pri:0, instance:stepdefinitions.Runner@1da51a35]" name="setUpClass" is-config="true" duration-ms="659" started-at="2019-03-21T20:53:01Z" finished-at="2019-03-21T20:53:02Z">
          <reporter-output>
          </reporter-output>
        </test-method> <!-- setUpClass -->
        <test-method status="PASS" signature="feature(cucumber.api.testng.CucumberFeatureWrapper)[pri:0, instance:stepdefinitions.Runner@1da51a35]" name="feature" duration-ms="38364" started-at="2019-03-21T20:53:02Z" description="Runs Cucumber Feature" data-provider="features" finished-at="2019-03-21T20:53:41Z">
          <params>
            <param index="0">
              <value>
                <![CDATA[Air Asia Flight search and Login]]>
              </value>
            </param>
          </params>
          <reporter-output>
          </reporter-output>
        </test-method> <!-- feature -->
        <test-method status="PASS" signature="feature(cucumber.api.testng.CucumberFeatureWrapper)[pri:0, instance:stepdefinitions.Runner@1da51a35]" name="feature" duration-ms="80310" started-at="2019-03-21T20:53:41Z" description="Runs Cucumber Feature" data-provider="features" finished-at="2019-03-21T20:55:01Z">
          <params>
            <param index="0">
              <value>
                <![CDATA[User Registration for Automation Practices]]>
              </value>
            </param>
          </params>
          <reporter-output>
          </reporter-output>
        </test-method> <!-- feature -->
        <test-method status="FAIL" signature="feature(cucumber.api.testng.CucumberFeatureWrapper)[pri:0, instance:stepdefinitions.Runner@1da51a35]" name="feature" duration-ms="113085" started-at="2019-03-21T20:55:01Z" description="Runs Cucumber Feature" data-provider="features" finished-at="2019-03-21T20:56:54Z">
          <params>
            <param index="0">
              <value>
                <![CDATA[User Registration for Newtours]]>
              </value>
            </param>
          </params>
          <exception class="cucumber.runtime.CucumberException">
            <message>
              <![CDATA[junit.framework.ComparisonFailure: expected:<[Register: Mercury Tours]> but was:<[newtours.demoaut.com]>]]>
            </message>
            <full-stacktrace>
              <![CDATA[cucumber.runtime.CucumberException: junit.framework.ComparisonFailure: expected:<[Register: Mercury Tours]> but was:<[newtours.demoaut.com]>
at cucumber.api.testng.TestNGCucumberRunner.runCucumber(TestNGCucumberRunner.java:69)
at cucumber.api.testng.AbstractTestNGCucumberTests.feature(AbstractTestNGCucumberTests.java:21)
at sun.reflect.NativeMethodAccessorImpl.invoke0(Native Method)
at sun.reflect.NativeMethodAccessorImpl.invoke(Unknown Source)
at sun.reflect.DelegatingMethodAccessorImpl.invoke(Unknown Source)
at java.lang.reflect.Method.invoke(Unknown Source)
at org.testng.internal.MethodInvocationHelper.invokeMethod(MethodInvocationHelper.java:124)
at org.testng.internal.Invoker.invokeMethod(Invoker.java:583)
at org.testng.internal.Invoker.invokeTestMethod(Invoker.java:719)
at org.testng.internal.Invoker.invokeTestMethods(Invoker.java:989)
at org.testng.internal.TestMethodWorker.invokeTestMethods(TestMethodWorker.java:125)
at org.testng.internal.TestMethodWorker.run(TestMethodWorker.java:109)
at org.testng.TestRunner.privateRun(TestRunner.java:648)
at org.testng.TestRunner.run(TestRunner.java:505)
at org.testng.SuiteRunner.runTest(SuiteRunner.java:455)
at org.testng.SuiteRunner.runSequentially(SuiteRunner.java:450)
at org.testng.SuiteRunner.privateRun(SuiteRunner.java:415)
at org.testng.SuiteRunner.run(SuiteRunner.java:364)
at org.testng.SuiteRunnerWorker.runSuite(SuiteRunnerWorker.java:52)
at org.testng.SuiteRunnerWorker.run(SuiteRunnerWorker.java:84)
at org.testng.TestNG.runSuitesSequentially(TestNG.java:1208)
at org.testng.TestNG.runSuitesLocally(TestNG.java:1137)
at org.testng.TestNG.runSuites(TestNG.java:1049)
at org.testng.TestNG.run(TestNG.java:1017)
at org.testng.remote.AbstractRemoteTestNG.run(AbstractRemoteTestNG.java:115)
at org.testng.remote.RemoteTestNG.initAndRun(RemoteTestNG.java:251)
at org.testng.remote.RemoteTestNG.main(RemoteTestNG.java:77)
Caused by: junit.framework.ComparisonFailure: expected:<[Register: Mercury Tours]> but was:<[newtours.demoaut.com]>
at junit.framework.Assert.assertEquals(Assert.java:100)
at junit.framework.Assert.assertEquals(Assert.java:107)
at stepdefinitions.NewtourTravelSteps.user_is_registered_successfully(NewtourTravelSteps.java:135)
at ✽.Then user is registered successfully(newtourtravel.feature:21)
]]>
            </full-stacktrace>
          </exception> <!-- cucumber.runtime.CucumberException -->
          <reporter-output>
          </reporter-output>
        </test-method> <!-- feature -->
        <test-method status="PASS" signature="tearDownClass()[pri:0, instance:stepdefinitions.Runner@1da51a35]" name="tearDownClass" is-config="true" duration-ms="536" started-at="2019-03-21T20:56:54Z" finished-at="2019-03-21T20:56:54Z">
          <reporter-output>
          </reporter-output>
        </test-method> <!-- tearDownClass -->
      </class> <!-- stepdefinitions.Runner -->
    </test> <!-- Cucumber Tests -->
  </suite> <!-- Automation_201_TestSuite-Cucumber framework -->
</testng-results>
